<?xml version="1.0" encoding="UTF-8"?>
<!-- Generated by org.testng.reporters.JUnitXMLReporter -->
<testsuite ignored="0" hostname="LAPTOP-2D2HD7IM" failures="0" tests="10" name="Test" time="12.828" errors="0" timestamp="2023-01-15T15:20:39 CET">
  <testcase classname="parasoft.NewAccountRegistration" name="@BeforeMethod setUp" time="4.369">
    <failure type="org.openqa.selenium.WebDriverException" message="disconnected: received Inspector.detached event
  (failed to check if window was closed: disconnected: Unable to receive message from renderer)
  (Session info: chrome=107.0.5304.107)
Build info: version: &amp;apos;4.7.2&amp;apos;, revision: &amp;apos;4d4020c3b7&amp;apos;
System info: os.name: &amp;apos;Windows 10&amp;apos;, os.arch: &amp;apos;amd64&amp;apos;, os.version: &amp;apos;10.0&amp;apos;, java.version: &amp;apos;17.0.4&amp;apos;
Driver info: org.openqa.selenium.chrome.ChromeDriver
Command: [ca4f8dc7d5f07a3a8fcc7c133dcc0243, get {url=https://parabank.parasoft.com/parabank/register.htm}]
Capabilities {acceptInsecureCerts: false, browserName: chrome, browserVersion: 107.0.5304.107, chrome: {chromedriverVersion: 107.0.5304.62 (1eec40d3a576..., userDataDir: C:\Users\Asus\AppData\Local...}, goog:chromeOptions: {debuggerAddress: localhost:63473}, networkConnectionEnabled: false, pageLoadStrategy: normal, platformName: WINDOWS, proxy: Proxy(), se:cdp: ws://localhost:63473/devtoo..., se:cdpVersion: 107.0.5304.107, setWindowRect: true, strictFileInteractability: false, timeouts: {implicit: 0, pageLoad: 300000, script: 30000}, unhandledPromptBehavior: dismiss and notify, webauthn:extension:credBlob: true, webauthn:extension:largeBlob: true, webauthn:virtualAuthenticators: true}
Session ID: ca4f8dc7d5f07a3a8fcc7c133dcc0243">
      <![CDATA[org.openqa.selenium.WebDriverException: disconnected: received Inspector.detached event
  (failed to check if window was closed: disconnected: Unable to receive message from renderer)
  (Session info: chrome=107.0.5304.107)
Build info: version: '4.7.2', revision: '4d4020c3b7'
System info: os.name: 'Windows 10', os.arch: 'amd64', os.version: '10.0', java.version: '17.0.4'
Driver info: org.openqa.selenium.chrome.ChromeDriver
Command: [ca4f8dc7d5f07a3a8fcc7c133dcc0243, get {url=https://parabank.parasoft.com/parabank/register.htm}]
Capabilities {acceptInsecureCerts: false, browserName: chrome, browserVersion: 107.0.5304.107, chrome: {chromedriverVersion: 107.0.5304.62 (1eec40d3a576..., userDataDir: C:\Users\Asus\AppData\Local...}, goog:chromeOptions: {debuggerAddress: localhost:63473}, networkConnectionEnabled: false, pageLoadStrategy: normal, platformName: WINDOWS, proxy: Proxy(), se:cdp: ws://localhost:63473/devtoo..., se:cdpVersion: 107.0.5304.107, setWindowRect: true, strictFileInteractability: false, timeouts: {implicit: 0, pageLoad: 300000, script: 30000}, unhandledPromptBehavior: dismiss and notify, webauthn:extension:credBlob: true, webauthn:extension:largeBlob: true, webauthn:virtualAuthenticators: true}
Session ID: ca4f8dc7d5f07a3a8fcc7c133dcc0243
at org.openqa.selenium.remote.codec.w3c.W3CHttpResponseCodec.createException(W3CHttpResponseCodec.java:200)
at org.openqa.selenium.remote.codec.w3c.W3CHttpResponseCodec.decode(W3CHttpResponseCodec.java:133)
at org.openqa.selenium.remote.codec.w3c.W3CHttpResponseCodec.decode(W3CHttpResponseCodec.java:53)
at org.openqa.selenium.remote.HttpCommandExecutor.execute(HttpCommandExecutor.java:184)
at org.openqa.selenium.remote.service.DriverCommandExecutor.invokeExecute(DriverCommandExecutor.java:167)
at org.openqa.selenium.remote.service.DriverCommandExecutor.execute(DriverCommandExecutor.java:142)
at org.openqa.selenium.remote.RemoteWebDriver.execute(RemoteWebDriver.java:535)
at org.openqa.selenium.remote.RemoteWebDriver.get(RemoteWebDriver.java:296)
at parasoft.NewAccountRegistration.setUp(NewAccountRegistration.java:16)
at java.base/java.util.ArrayList.forEach(ArrayList.java:1511)
... Removed 36 stack frames]]>
    </failure>
  </testcase> <!-- @BeforeMethod setUp -->
  <testcase classname="parasoft.NewAccountRegistration" name="@BeforeMethod setUp" time="-1.673792438824E9">
    <skipped/>
  </testcase> <!-- @BeforeMethod setUp -->
  <testcase classname="parasoft.NewAccountRegistration" name="@BeforeMethod setUp" time="-1.673792438839E9">
    <skipped/>
  </testcase> <!-- @BeforeMethod setUp -->
  <testcase classname="parasoft.NewAccountRegistration" name="@BeforeMethod setUp" time="-1.673792438941E9">
    <skipped/>
  </testcase> <!-- @BeforeMethod setUp -->
  <testcase classname="parasoft.NewAccountRegistration" name="@BeforeMethod setUp" time="-1.673792439053E9">
    <skipped/>
  </testcase> <!-- @BeforeMethod setUp -->
  <testcase classname="parasoft.NewAccountRegistration" name="@BeforeMethod setUp" time="-1.673792439107E9">
    <skipped/>
  </testcase> <!-- @BeforeMethod setUp -->
  <testcase classname="parasoft.NewAccountRegistration" name="@BeforeMethod setUp" time="-1.673792439134E9">
    <skipped/>
  </testcase> <!-- @BeforeMethod setUp -->
  <testcase classname="parasoft.NewAccountRegistration" name="@BeforeMethod setUp" time="-1.673792439172E9">
    <skipped/>
  </testcase> <!-- @BeforeMethod setUp -->
  <testcase classname="parasoft.NewAccountRegistration" name="@BeforeMethod setUp" time="-1.673792439216E9">
    <skipped/>
  </testcase> <!-- @BeforeMethod setUp -->
  <testcase classname="parasoft.NewAccountRegistration" name="test" time="1.37"/>
  <testcase classname="parasoft.NewAccountRegistration" name="test" time="0.0">
    <skipped/>
  </testcase> <!-- test -->
  <testcase classname="parasoft.NewAccountRegistration" name="test" time="0.0">
    <skipped/>
  </testcase> <!-- test -->
  <testcase classname="parasoft.NewAccountRegistration" name="test" time="0.0">
    <skipped/>
  </testcase> <!-- test -->
  <testcase classname="parasoft.NewAccountRegistration" name="test" time="0.0">
    <skipped/>
  </testcase> <!-- test -->
  <testcase classname="parasoft.NewAccountRegistration" name="test" time="0.0">
    <skipped/>
  </testcase> <!-- test -->
  <testcase classname="parasoft.NewAccountRegistration" name="test" time="0.0">
    <skipped/>
  </testcase> <!-- test -->
  <testcase classname="parasoft.NewAccountRegistration" name="test" time="0.0">
    <skipped/>
  </testcase> <!-- test -->
  <testcase classname="parasoft.NewAccountRegistration" name="test" time="0.0">
    <skipped/>
  </testcase> <!-- test -->
  <testcase classname="parasoft.NewAccountRegistration" name="test" time="0.0">
    <skipped/>
  </testcase> <!-- test -->
</testsuite> <!-- Test -->
